# DO NOT MODIFY THIS FILE. THIS IS AUTO-GENERATED BY THE SCRIPT.
# This log is a list of all tests that weren't able to generate a code.
      
      {
        testTitle: Employee List - Import File
        position: 3
        folderURL: https://app.testproject.io/#/projects/985345/tests?testFolderId=1250946
        path: HR_ESS_PAYROLL_TKM / Employees
      }

      
      {
        testTitle: Approval Policy Setup - DTR
        position: 7
        folderURL: https://app.testproject.io/#/projects/985345/tests?testFolderId=1454140
        path: HR_ESS_PAYROLL_TKM / TKM / Transaction / DTR Posting
      }

      
      {
        testTitle: 12 Cases: Add Default Allowances
        position: 4
        folderURL: https://app.testproject.io/#/projects/697696/tests?testFolderId=891427
        path: WebPayroll 12 Cases Scenarios / Employee Default Rates
      }

      
      {
        testTitle: JHEN_SCRATCH
        position: 11
        folderURL: https://app.testproject.io/#/projects/223187/tests?testFolderId=279716
        path: WEBTRACC TESTING / DRAFT TEST
      }

      
      {
        testTitle: HRIS
        position: 13
        folderURL: https://app.testproject.io/#/projects/223187/tests?testFolderId=279716
        path: WEBTRACC TESTING / DRAFT TEST
      }

      
      {
        testTitle: Area File
        position: 15
        folderURL: https://app.testproject.io/#/projects/223187/tests?testFolderId=279716
        path: WEBTRACC TESTING / DRAFT TEST
      }

      {
        testTitle: Importing
        position: 7
        folderURL: https://app.testproject.io/#/projects/223187/tests?testFolderId=304518
        path: WEBTRACC TESTING / FULL HRIS - OLD / JHEN
      }

      {
        testTitle: Award File - copy
        position: 15
        folderURL: https://app.testproject.io/#/projects/223187/tests?testFolderId=304518
        path: WEBTRACC TESTING / FULL HRIS - OLD / JHEN
      }

      {
        testTitle: Company Profile (Positive Testing)
        position: 1
        folderURL: https://app.testproject.io/#/projects/223187/tests?testFolderId=359473
        path: WEBTRACC TESTING / FULL HRIS - OLD / JHEN / Company Profile
      }

      
      {
        testTitle: Full Positive Company Prof Data testing
        position: 6
        folderURL: https://app.testproject.io/#/projects/223187/tests?testFolderId=359473
        path: WEBTRACC TESTING / FULL HRIS - OLD / JHEN / Company Profile
      }

      
      {
        testTitle: delete_this
        position: 8
        folderURL: https://app.testproject.io/#/projects/223187/tests?testFolderId=359473
        path: WEBTRACC TESTING / FULL HRIS - OLD / JHEN / Company Profile
      }

      
      {
        testTitle: Verify the Company Profile Text Filed By entering the Java script.
        position: 1
        folderURL: https://app.testproject.io/#/projects/223187/tests?testFolderId=363947
        path: WEBTRACC TESTING / FULL HRIS - OLD / JHEN / Company Profile / Negative_testing
      }

      
      {
        testTitle: Verify the text field of the 'Company Profile  by entering the HTML tag.
        position: 2
        folderURL: https://app.testproject.io/#/projects/223187/tests?testFolderId=363947
        path: WEBTRACC TESTING / FULL HRIS - OLD / JHEN / Company Profile / Negative_testing
      }

      
      {
        testTitle: Maximum Character Limit For the text box.
        position: 3
        folderURL: https://app.testproject.io/#/projects/223187/tests?testFolderId=363947
        path: WEBTRACC TESTING / FULL HRIS - OLD / JHEN / Company Profile / Negative_testing
      }

      
      {
        testTitle: Company Profile (NegativeTesting)
        position: 4
        folderURL: https://app.testproject.io/#/projects/223187/tests?testFolderId=363947
        path: WEBTRACC TESTING / FULL HRIS - OLD / JHEN / Company Profile / Negative_testing
      }

      
      {
        testTitle: Without Email * Data
        position: 5
        folderURL: https://app.testproject.io/#/projects/223187/tests?testFolderId=363947
        path: WEBTRACC TESTING / FULL HRIS - OLD / JHEN / Company Profile / Negative_testing
      }

      
      {
        testTitle: Special characters Test Steps
        position: 6
        folderURL: https://app.testproject.io/#/projects/223187/tests?testFolderId=363947
        path: WEBTRACC TESTING / FULL HRIS - OLD / JHEN / Company Profile / Negative_testing
      }

      
      {
        testTitle: Without Address Line 1 *
        position: 7
        folderURL: https://app.testproject.io/#/projects/223187/tests?testFolderId=363947
        path: WEBTRACC TESTING / FULL HRIS - OLD / JHEN / Company Profile / Negative_testing
      }

      
      {
        testTitle: Verify the text field, It should not accept any Letters. 
        position: 8
        folderURL: https://app.testproject.io/#/projects/223187/tests?testFolderId=363947
        path: WEBTRACC TESTING / FULL HRIS - OLD / JHEN / Company Profile / Negative_testing
      }

      
      {
        testTitle: Without Mobile * Data
        position: 9
        folderURL: https://app.testproject.io/#/projects/223187/tests?testFolderId=363947
        path: WEBTRACC TESTING / FULL HRIS - OLD / JHEN / Company Profile / Negative_testing
      }

      
      {
        testTitle: Full Positive Company Prof Data testing - Ton
        position: 1
        folderURL: https://app.testproject.io/#/projects/223187/tests?testFolderId=448702
        path: WEBTRACC TESTING / FULL HRIS - OLD / Ton - For Testing
      }

      
      {
        testTitle: delete_this - Ton
        position: 2
        folderURL: https://app.testproject.io/#/projects/223187/tests?testFolderId=448702
        path: WEBTRACC TESTING / FULL HRIS - OLD / Ton - For Testing
      }

      
      {
        testTitle: Company Profile (Positive Testing) - Ton
        position: 8
        folderURL: https://app.testproject.io/#/projects/223187/tests?testFolderId=448702
        path: WEBTRACC TESTING / FULL HRIS - OLD / Ton - For Testing
      }

      
      {
        testTitle: END2END
        position: 29
        folderURL: https://app.testproject.io/#/projects/223187/tests?testFolderId=435069
        path: WEBTRACC TESTING / WEBTRACC / MASTER LIST_FUNCTIONALITY / BACKUP- Function Positive Testing / A.Warehouse
      }

      
      {
        testTitle: Customer View-TESTSCRIPTS
        position: 1
        folderURL: https://app.testproject.io/#/projects/223187/tests?testFolderId=435256
        path: WEBTRACC TESTING / WEBTRACC / MASTER LIST_FUNCTIONALITY / BACKUP- Function Positive Testing / Customer View
      }

      
      {
        testTitle: Supplier View-TESTSCRIPTS
        position: 2
        folderURL: https://app.testproject.io/#/projects/223187/tests?testFolderId=412495
        path: WEBTRACC TESTING / WEBTRACC / MASTER LIST_FUNCTIONALITY / Function Positive Testing / A.Supplier View
      }

      
      {
        testTitle: Customer View-TESTSCRIPTS
        position: 2
        folderURL: https://app.testproject.io/#/projects/223187/tests?testFolderId=412474
        path: WEBTRACC TESTING / WEBTRACC / MASTER LIST_FUNCTIONALITY / Function Positive Testing / Customer view
      }

      
      {
        testTitle: UI - Delete - OK Button - Validation - Template
        position: 1
        folderURL: https://app.testproject.io/#/projects/223187/tests?testFolderId=412939
        path: WEBTRACC TESTING / WEBTRACC / MASTER LIST_FUNCTIONALITY / UI Testing / Memo Type / Delete
      }

      
      {
        testTitle: Customer Credit Limit
        position: 1
        folderURL: https://app.testproject.io/#/projects/223187/tests?testFolderId=564658
        path: WEBTRACC TESTING / WEBTRACC / SYSTEM PARAMETERS_FUNCTIONALITY / Page 1
      }

      
      {
        testTitle: Default Non-VAT Document
        position: 3
        folderURL: https://app.testproject.io/#/projects/223187/tests?testFolderId=564658
        path: WEBTRACC TESTING / WEBTRACC / SYSTEM PARAMETERS_FUNCTIONALITY / Page 1
      }

      
      {
        testTitle: Disable Auto Update CGS
        position: 9
        folderURL: https://app.testproject.io/#/projects/223187/tests?testFolderId=564658
        path: WEBTRACC TESTING / WEBTRACC / SYSTEM PARAMETERS_FUNCTIONALITY / Page 1
      }

      
      {
        testTitle: Disable Auto Update of Inventory and  Stock Card
        position: 10
        folderURL: https://app.testproject.io/#/projects/223187/tests?testFolderId=564658
        path: WEBTRACC TESTING / WEBTRACC / SYSTEM PARAMETERS_FUNCTIONALITY / Page 1
      }

      
      {
        testTitle: Verify Show Inactive Item during Search
        position: 1
        folderURL: https://app.testproject.io/#/projects/223187/tests?testFolderId=566988
        path: WEBTRACC TESTING / WEBTRACC / SYSTEM PARAMETERS_FUNCTIONALITY / Page 3
      }

      
      {
        testTitle: Validate  Lock Type
        position: 4
        folderURL: https://app.testproject.io/#/projects/223187/tests?testFolderId=566988
        path: WEBTRACC TESTING / WEBTRACC / SYSTEM PARAMETERS_FUNCTIONALITY / Page 3
      }

      
      {
        testTitle: Search anywhere in the String
        position: 6
        folderURL: https://app.testproject.io/#/projects/223187/tests?testFolderId=566988
        path: WEBTRACC TESTING / WEBTRACC / SYSTEM PARAMETERS_FUNCTIONALITY / Page 3
      }

      
      {
        testTitle: Search Left Most
        position: 8
        folderURL: https://app.testproject.io/#/projects/223187/tests?testFolderId=566988
        path: WEBTRACC TESTING / WEBTRACC / SYSTEM PARAMETERS_FUNCTIONALITY / Page 3
      }

      